# JRE version: OpenJDK Runtime Environment (8.0_202-b03) (build 1.8.0_202-release-1483-b03)
# Java VM: OpenJDK 64-Bit Server VM (25.202-b03 mixed mode windows-amd64 compressed oops)
Heap:
 PSYoungGen      total 50176K, used 8866K [0x00000000d5f80000, 0x00000000daa80000, 0x0000000100000000)
  eden space 45056K, 8% used [0x00000000d5f80000,0x00000000d632fce0,0x00000000d8b80000)
  from space 5120K, 99% used [0x00000000da580000,0x00000000daa78dc8,0x00000000daa80000)
  to   space 5120K, 0% used [0x00000000da080000,0x00000000da080000,0x00000000da580000)
 ParOldGen       total 68096K, used 11039K [0x0000000081e00000, 0x0000000086080000, 0x00000000d5f80000)
  object space 68096K, 16% used [0x0000000081e00000,0x00000000828c7c98,0x0000000086080000)
 Metaspace       used 24674K, capacity 25182K, committed 25520K, reserved 1071104K
  class space    used 2952K, capacity 3129K, committed 3248K, reserved 1048576K
GC Heap History (10 events):
Event: 1.616 GC heap before
{Heap before GC invocations=1 (full 0):
 PSYoungGen      total 38400K, used 33280K [0x00000000d5f80000, 0x00000000d8a00000, 0x0000000100000000)
  eden space 33280K, 100% used [0x00000000d5f80000,0x00000000d8000000,0x00000000d8000000)
  from space 5120K, 0% used [0x00000000d8500000,0x00000000d8500000,0x00000000d8a00000)
  to   space 5120K, 0% used [0x00000000d8000000,0x00000000d8000000,0x00000000d8500000)
 ParOldGen       total 87552K, used 0K [0x0000000081e00000, 0x0000000087380000, 0x00000000d5f80000)
  object space 87552K, 0% used [0x0000000081e00000,0x0000000081e00000,0x0000000087380000)
 Metaspace       used 10023K, capacity 10224K, committed 10496K, reserved 1058816K
  class space    used 1104K, capacity 1182K, committed 1280K, reserved 1048576K
Event: 1.630 GC heap after
Heap after GC invocations=1 (full 0):
 PSYoungGen      total 38400K, used 5114K [0x00000000d5f80000, 0x00000000d8a00000, 0x0000000100000000)
  eden space 33280K, 0% used [0x00000000d5f80000,0x00000000d5f80000,0x00000000d8000000)
  from space 5120K, 99% used [0x00000000d8000000,0x00000000d84fe9d0,0x00000000d8500000)
  to   space 5120K, 0% used [0x00000000d8500000,0x00000000d8500000,0x00000000d8a00000)
 ParOldGen       total 87552K, used 2780K [0x0000000081e00000, 0x0000000087380000, 0x00000000d5f80000)
  object space 87552K, 3% used [0x0000000081e00000,0x00000000820b7058,0x0000000087380000)
 Metaspace       used 10023K, capacity 10224K, committed 10496K, reserved 1058816K
  class space    used 1104K, capacity 1182K, committed 1280K, reserved 1048576K
}
Event: 2.776 GC heap before
{Heap before GC invocations=2 (full 0):
 PSYoungGen      total 38400K, used 38394K [0x00000000d5f80000, 0x00000000d8a00000, 0x0000000100000000)
  eden space 33280K, 100% used [0x00000000d5f80000,0x00000000d8000000,0x00000000d8000000)
  from space 5120K, 99% used [0x00000000d8000000,0x00000000d84fe9d0,0x00000000d8500000)
  to   space 5120K, 0% used [0x00000000d8500000,0x00000000d8500000,0x00000000d8a00000)
 ParOldGen       total 87552K, used 2780K [0x0000000081e00000, 0x0000000087380000, 0x00000000d5f80000)
  object space 87552K, 3% used [0x0000000081e00000,0x00000000820b7058,0x0000000087380000)
 Metaspace       used 16267K, capacity 16612K, committed 16896K, reserved 1064960K
  class space    used 1909K, capacity 1990K, committed 2048K, reserved 1048576K
Event: 2.795 GC heap after
Heap after GC invocations=2 (full 0):
 PSYoungGen      total 38400K, used 5120K [0x00000000d5f80000, 0x00000000daa80000, 0x0000000100000000)
  eden space 33280K, 0% used [0x00000000d5f80000,0x00000000d5f80000,0x00000000d8000000)
  from space 5120K, 100% used [0x00000000d8500000,0x00000000d8a00000,0x00000000d8a00000)
  to   space 5120K, 0% used [0x00000000d8000000,0x00000000d8000000,0x00000000d8500000)
 ParOldGen       total 87552K, used 7814K [0x0000000081e00000, 0x0000000087380000, 0x00000000d5f80000)
  object space 87552K, 8% used [0x0000000081e00000,0x00000000825a19e0,0x0000000087380000)
 Metaspace       used 16267K, capacity 16612K, committed 16896K, reserved 1064960K
  class space    used 1909K, capacity 1990K, committed 2048K, reserved 1048576K
}
Event: 3.372 GC heap before
{Heap before GC invocations=3 (full 0):
 PSYoungGen      total 38400K, used 20559K [0x00000000d5f80000, 0x00000000daa80000, 0x0000000100000000)
  eden space 33280K, 46% used [0x00000000d5f80000,0x00000000d6e93c18,0x00000000d8000000)
  from space 5120K, 100% used [0x00000000d8500000,0x00000000d8a00000,0x00000000d8a00000)
  to   space 5120K, 0% used [0x00000000d8000000,0x00000000d8000000,0x00000000d8500000)
 ParOldGen       total 87552K, used 7814K [0x0000000081e00000, 0x0000000087380000, 0x00000000d5f80000)
  object space 87552K, 8% used [0x0000000081e00000,0x00000000825a19e0,0x0000000087380000)
 Metaspace       used 20688K, capacity 21116K, committed 21296K, reserved 1069056K
  class space    used 2451K, capacity 2600K, committed 2608K, reserved 1048576K
Event: 3.386 GC heap after
Heap after GC invocations=3 (full 0):
 PSYoungGen      total 38400K, used 5104K [0x00000000d5f80000, 0x00000000daa80000, 0x0000000100000000)
  eden space 33280K, 0% used [0x00000000d5f80000,0x00000000d5f80000,0x00000000d8000000)
  from space 5120K, 99% used [0x00000000d8000000,0x00000000d84fc020,0x00000000d8500000)
  to   space 5120K, 0% used [0x00000000da580000,0x00000000da580000,0x00000000daa80000)
 ParOldGen       total 87552K, used 11187K [0x0000000081e00000, 0x0000000087380000, 0x00000000d5f80000)
  object space 87552K, 12% used [0x0000000081e00000,0x00000000828ecd88,0x0000000087380000)
 Metaspace       used 20688K, capacity 21116K, committed 21296K, reserved 1069056K
  class space    used 2451K, capacity 2600K, committed 2608K, reserved 1048576K
}
Event: 3.386 GC heap before
{Heap before GC invocations=4 (full 1):
 PSYoungGen      total 38400K, used 5104K [0x00000000d5f80000, 0x00000000daa80000, 0x0000000100000000)
  eden space 33280K, 0% used [0x00000000d5f80000,0x00000000d5f80000,0x00000000d8000000)
  from space 5120K, 99% used [0x00000000d8000000,0x00000000d84fc020,0x00000000d8500000)
  to   space 5120K, 0% used [0x00000000da580000,0x00000000da580000,0x00000000daa80000)
 ParOldGen       total 87552K, used 11187K [0x0000000081e00000, 0x0000000087380000, 0x00000000d5f80000)
  object space 87552K, 12% used [0x0000000081e00000,0x00000000828ecd88,0x0000000087380000)
 Metaspace       used 20688K, capacity 21116K, committed 21296K, reserved 1069056K
  class space    used 2451K, capacity 2600K, committed 2608K, reserved 1048576K
Event: 3.477 GC heap after
Heap after GC invocations=4 (full 1):
 PSYoungGen      total 38400K, used 0K [0x00000000d5f80000, 0x00000000daa80000, 0x0000000100000000)
  eden space 33280K, 0% used [0x00000000d5f80000,0x00000000d5f80000,0x00000000d8000000)
  from space 5120K, 0% used [0x00000000d8000000,0x00000000d8000000,0x00000000d8500000)
  to   space 5120K, 0% used [0x00000000da580000,0x00000000da580000,0x00000000daa80000)
 ParOldGen       total 68096K, used 8321K [0x0000000081e00000, 0x0000000086080000, 0x00000000d5f80000)
  object space 68096K, 12% used [0x0000000081e00000,0x0000000082620780,0x0000000086080000)
 Metaspace       used 20688K, capacity 21116K, committed 21296K, reserved 1069056K
  class space    used 2451K, capacity 2600K, committed 2608K, reserved 1048576K
}
Event: 4.466 GC heap before
{Heap before GC invocations=5 (full 1):
 PSYoungGen      total 38400K, used 33280K [0x00000000d5f80000, 0x00000000daa80000, 0x0000000100000000)
  eden space 33280K, 100% used [0x00000000d5f80000,0x00000000d8000000,0x00000000d8000000)
  from space 5120K, 0% used [0x00000000d8000000,0x00000000d8000000,0x00000000d8500000)
  to   space 5120K, 0% used [0x00000000da580000,0x00000000da580000,0x00000000daa80000)
 ParOldGen       total 68096K, used 8321K [0x0000000081e00000, 0x0000000086080000, 0x00000000d5f80000)
  object space 68096K, 12% used [0x0000000081e00000,0x0000000082620780,0x0000000086080000)
 Metaspace       used 24257K, capacity 24716K, committed 24880K, reserved 1071104K
  class space    used 2905K, capacity 3062K, committed 3120K, reserved 1048576K
Event: 4.476 GC heap after
Heap after GC invocations=5 (full 1):
 PSYoungGen      total 50176K, used 5091K [0x00000000d5f80000, 0x00000000daa80000, 0x0000000100000000)
  eden space 45056K, 0% used [0x00000000d5f80000,0x00000000d5f80000,0x00000000d8b80000)
  from space 5120K, 99% used [0x00000000da580000,0x00000000daa78dc8,0x00000000daa80000)
  to   space 5120K, 0% used [0x00000000da080000,0x00000000da080000,0x00000000da580000)
 ParOldGen       total 68096K, used 11039K [0x0000000081e00000, 0x0000000086080000, 0x00000000d5f80000)
  object space 68096K, 16% used [0x0000000081e00000,0x00000000828c7c98,0x0000000086080000)
 Metaspace       used 24257K, capacity 24716K, committed 24880K, reserved 1071104K
  class space    used 2905K, capacity 3062K, committed 3120K, reserved 1048576K
}

