# JRE version: OpenJDK Runtime Environment (8.0_202-b03) (build 1.8.0_202-release-1483-b03)
# Java VM: OpenJDK 64-Bit Server VM (25.202-b03 mixed mode windows-amd64 compressed oops)
Heap:
 PSYoungGen      total 52224K, used 40310K [0x00000000d5f80000, 0x00000000daa80000, 0x0000000100000000)
  eden space 47104K, 74% used [0x00000000d5f80000,0x00000000d81e1db8,0x00000000d8d80000)
  from space 5120K, 99% used [0x00000000da580000,0x00000000daa7bd90,0x00000000daa80000)
  to   space 5120K, 0% used [0x00000000da080000,0x00000000da080000,0x00000000da580000)
 ParOldGen       total 66048K, used 28401K [0x0000000081e00000, 0x0000000085e80000, 0x00000000d5f80000)
  object space 66048K, 43% used [0x0000000081e00000,0x00000000839bc600,0x0000000085e80000)
 Metaspace       used 46864K, capacity 47748K, committed 47872K, reserved 1091584K
  class space    used 5895K, capacity 6143K, committed 6144K, reserved 1048576K
GC Heap History (10 events):
Event: 6.115 GC heap before
{Heap before GC invocations=6 (full 1):
 PSYoungGen      total 52224K, used 52204K [0x00000000d5f80000, 0x00000000daa80000, 0x0000000100000000)
  eden space 47104K, 100% used [0x00000000d5f80000,0x00000000d8d80000,0x00000000d8d80000)
  from space 5120K, 99% used [0x00000000da580000,0x00000000daa7b348,0x00000000daa80000)
  to   space 5120K, 0% used [0x00000000da080000,0x00000000da080000,0x00000000da580000)
 ParOldGen       total 66048K, used 11204K [0x0000000081e00000, 0x0000000085e80000, 0x00000000d5f80000)
  object space 66048K, 16% used [0x0000000081e00000,0x00000000828f1020,0x0000000085e80000)
 Metaspace       used 31896K, capacity 32440K, committed 32640K, reserved 1077248K
  class space    used 4084K, capacity 4222K, committed 4224K, reserved 1048576K
Event: 6.140 GC heap after
Heap after GC invocations=6 (full 1):
 PSYoungGen      total 52224K, used 5090K [0x00000000d5f80000, 0x00000000daa80000, 0x0000000100000000)
  eden space 47104K, 0% used [0x00000000d5f80000,0x00000000d5f80000,0x00000000d8d80000)
  from space 5120K, 99% used [0x00000000da080000,0x00000000da578918,0x00000000da580000)
  to   space 5120K, 0% used [0x00000000da580000,0x00000000da580000,0x00000000daa80000)
 ParOldGen       total 66048K, used 22146K [0x0000000081e00000, 0x0000000085e80000, 0x00000000d5f80000)
  object space 66048K, 33% used [0x0000000081e00000,0x00000000833a0b88,0x0000000085e80000)
 Metaspace       used 31896K, capacity 32440K, committed 32640K, reserved 1077248K
  class space    used 4084K, capacity 4222K, committed 4224K, reserved 1048576K
}
Event: 6.702 GC heap before
{Heap before GC invocations=7 (full 1):
 PSYoungGen      total 52224K, used 16322K [0x00000000d5f80000, 0x00000000daa80000, 0x0000000100000000)
  eden space 47104K, 23% used [0x00000000d5f80000,0x00000000d6a781e0,0x00000000d8d80000)
  from space 5120K, 99% used [0x00000000da080000,0x00000000da578918,0x00000000da580000)
  to   space 5120K, 0% used [0x00000000da580000,0x00000000da580000,0x00000000daa80000)
 ParOldGen       total 66048K, used 22146K [0x0000000081e00000, 0x0000000085e80000, 0x00000000d5f80000)
  object space 66048K, 33% used [0x0000000081e00000,0x00000000833a0b88,0x0000000085e80000)
 Metaspace       used 34742K, capacity 35286K, committed 35456K, reserved 1079296K
  class space    used 4492K, capacity 4638K, committed 4736K, reserved 1048576K
Event: 6.716 GC heap after
Heap after GC invocations=7 (full 1):
 PSYoungGen      total 52224K, used 5099K [0x00000000d5f80000, 0x00000000daa80000, 0x0000000100000000)
  eden space 47104K, 0% used [0x00000000d5f80000,0x00000000d5f80000,0x00000000d8d80000)
  from space 5120K, 99% used [0x00000000da580000,0x00000000daa7add8,0x00000000daa80000)
  to   space 5120K, 0% used [0x00000000da080000,0x00000000da080000,0x00000000da580000)
 ParOldGen       total 66048K, used 25009K [0x0000000081e00000, 0x0000000085e80000, 0x00000000d5f80000)
  object space 66048K, 37% used [0x0000000081e00000,0x000000008366c650,0x0000000085e80000)
 Metaspace       used 34742K, capacity 35286K, committed 35456K, reserved 1079296K
  class space    used 4492K, capacity 4638K, committed 4736K, reserved 1048576K
}
Event: 6.716 GC heap before
{Heap before GC invocations=8 (full 2):
 PSYoungGen      total 52224K, used 5099K [0x00000000d5f80000, 0x00000000daa80000, 0x0000000100000000)
  eden space 47104K, 0% used [0x00000000d5f80000,0x00000000d5f80000,0x00000000d8d80000)
  from space 5120K, 99% used [0x00000000da580000,0x00000000daa7add8,0x00000000daa80000)
  to   space 5120K, 0% used [0x00000000da080000,0x00000000da080000,0x00000000da580000)
 ParOldGen       total 66048K, used 25009K [0x0000000081e00000, 0x0000000085e80000, 0x00000000d5f80000)
  object space 66048K, 37% used [0x0000000081e00000,0x000000008366c650,0x0000000085e80000)
 Metaspace       used 34742K, capacity 35286K, committed 35456K, reserved 1079296K
  class space    used 4492K, capacity 4638K, committed 4736K, reserved 1048576K
Event: 6.844 GC heap after
Heap after GC invocations=8 (full 2):
 PSYoungGen      total 52224K, used 0K [0x00000000d5f80000, 0x00000000daa80000, 0x0000000100000000)
  eden space 47104K, 0% used [0x00000000d5f80000,0x00000000d5f80000,0x00000000d8d80000)
  from space 5120K, 0% used [0x00000000da580000,0x00000000da580000,0x00000000daa80000)
  to   space 5120K, 0% used [0x00000000da080000,0x00000000da080000,0x00000000da580000)
 ParOldGen       total 66048K, used 16320K [0x0000000081e00000, 0x0000000085e80000, 0x00000000d5f80000)
  object space 66048K, 24% used [0x0000000081e00000,0x0000000082df02a8,0x0000000085e80000)
 Metaspace       used 34742K, capacity 35286K, committed 35456K, reserved 1079296K
  class space    used 4492K, capacity 4638K, committed 4736K, reserved 1048576K
}
Event: 7.765 GC heap before
{Heap before GC invocations=9 (full 2):
 PSYoungGen      total 52224K, used 47104K [0x00000000d5f80000, 0x00000000daa80000, 0x0000000100000000)
  eden space 47104K, 100% used [0x00000000d5f80000,0x00000000d8d80000,0x00000000d8d80000)
  from space 5120K, 0% used [0x00000000da580000,0x00000000da580000,0x00000000daa80000)
  to   space 5120K, 0% used [0x00000000da080000,0x00000000da080000,0x00000000da580000)
 ParOldGen       total 66048K, used 16320K [0x0000000081e00000, 0x0000000085e80000, 0x00000000d5f80000)
  object space 66048K, 24% used [0x0000000081e00000,0x0000000082df02a8,0x0000000085e80000)
 Metaspace       used 36788K, capacity 37358K, committed 37632K, reserved 1081344K
  class space    used 4681K, capacity 4832K, committed 4864K, reserved 1048576K
Event: 7.776 GC heap after
Heap after GC invocations=9 (full 2):
 PSYoungGen      total 52224K, used 5116K [0x00000000d5f80000, 0x00000000daa80000, 0x0000000100000000)
  eden space 47104K, 0% used [0x00000000d5f80000,0x00000000d5f80000,0x00000000d8d80000)
  from space 5120K, 99% used [0x00000000da080000,0x00000000da57f218,0x00000000da580000)
  to   space 5120K, 0% used [0x00000000da580000,0x00000000da580000,0x00000000daa80000)
 ParOldGen       total 66048K, used 18762K [0x0000000081e00000, 0x0000000085e80000, 0x00000000d5f80000)
  object space 66048K, 28% used [0x0000000081e00000,0x00000000830528d0,0x0000000085e80000)
 Metaspace       used 36788K, capacity 37358K, committed 37632K, reserved 1081344K
  class space    used 4681K, capacity 4832K, committed 4864K, reserved 1048576K
}
Event: 9.716 GC heap before
{Heap before GC invocations=10 (full 2):
 PSYoungGen      total 52224K, used 52220K [0x00000000d5f80000, 0x00000000daa80000, 0x0000000100000000)
  eden space 47104K, 100% used [0x00000000d5f80000,0x00000000d8d80000,0x00000000d8d80000)
  from space 5120K, 99% used [0x00000000da080000,0x00000000da57f218,0x00000000da580000)
  to   space 5120K, 0% used [0x00000000da580000,0x00000000da580000,0x00000000daa80000)
 ParOldGen       total 66048K, used 18762K [0x0000000081e00000, 0x0000000085e80000, 0x00000000d5f80000)
  object space 66048K, 28% used [0x0000000081e00000,0x00000000830528d0,0x0000000085e80000)
 Metaspace       used 40295K, capacity 40934K, committed 41216K, reserved 1085440K
  class space    used 4967K, capacity 5114K, committed 5120K, reserved 1048576K
Event: 9.737 GC heap after
Heap after GC invocations=10 (full 2):
 PSYoungGen      total 52224K, used 5103K [0x00000000d5f80000, 0x00000000daa80000, 0x0000000100000000)
  eden space 47104K, 0% used [0x00000000d5f80000,0x00000000d5f80000,0x00000000d8d80000)
  from space 5120K, 99% used [0x00000000da580000,0x00000000daa7bd90,0x00000000daa80000)
  to   space 5120K, 0% used [0x00000000da080000,0x00000000da080000,0x00000000da580000)
 ParOldGen       total 66048K, used 28401K [0x0000000081e00000, 0x0000000085e80000, 0x00000000d5f80000)
  object space 66048K, 43% used [0x0000000081e00000,0x00000000839bc600,0x0000000085e80000)
 Metaspace       used 40295K, capacity 40934K, committed 41216K, reserved 1085440K
  class space    used 4967K, capacity 5114K, committed 5120K, reserved 1048576K
}

